<?xml version="1.0" encoding="UTF-8"?>
<!-- Generated by org.testng.reporters.JUnitReportReporter -->
<testsuite skipped="0" hostname="D20LZQ72" name="automationFramework.HotelBookingTest" tests="1" failures="0" timestamp="23 Jul 2018 15:24:27 GMT" time="22.354" errors="0">
  <testcase name="shouldBeAbleToSearchForHotels" time="22.354" classname="automationFramework.HotelBookingTest"/>
</testsuite> <!-- automationFramework.HotelBookingTest -->
