<?xml version="1.0" encoding="UTF-8"?>
<!-- Generated by org.testng.reporters.JUnitReportReporter -->
<testsuite skipped="0" hostname="D20LZQ72" name="FlightBookingTest" tests="1" failures="0" timestamp="17 Jul 2018 15:43:37 GMT" time="16.742" errors="0">
  <testcase name="testThatResultsAppearForAOneWayJourney" time="16.742" classname="FlightBookingTest"/>
</testsuite> <!-- FlightBookingTest -->
