<?xml version="1.0" encoding="UTF-8"?>
<!-- Generated by org.testng.reporters.JUnitReportReporter -->
<testsuite skipped="0" hostname="D20LZQ72" name="automationFramework.FlightBookingTest" tests="1" failures="0" timestamp="23 Jul 2018 15:19:04 GMT" time="22.756" errors="0">
  <testcase name="testThatResultsAppearForAOneWayJourney" time="22.756" classname="automationFramework.FlightBookingTest"/>
</testsuite> <!-- automationFramework.FlightBookingTest -->
