<?xml version="1.0" encoding="UTF-8"?>
<!-- Generated by org.testng.reporters.JUnitReportReporter -->
<testsuite skipped="0" hostname="D20LZQ72" name="automationFramework.SignInTest" tests="1" failures="0" timestamp="20 Jul 2018 11:02:55 GMT" time="1.790" errors="0">
  <testcase name="shouldThrowAnErrorIfSignInDetailsAreMissing" time="1.790" classname="automationFramework.SignInTest"/>
</testsuite> <!-- automationFramework.SignInTest -->
