<?xml version="1.0" encoding="UTF-8"?>
<!-- Generated by org.testng.reporters.JUnitReportReporter -->
<testsuite skipped="0" hostname="D20LZQ72" name="automationFramework.HotelBookingTest" tests="1" failures="0" timestamp="20 Jul 2018 11:02:37 GMT" time="17.685" errors="0">
  <testcase name="shouldBeAbleToSearchForHotels" time="17.685" classname="automationFramework.HotelBookingTest"/>
</testsuite> <!-- automationFramework.HotelBookingTest -->
