<?xml version="1.0" encoding="UTF-8"?>
<!-- Generated by org.testng.reporters.JUnitReportReporter -->
<testsuite skipped="0" hostname="D20LZQ72" name="travelSearchTests.HotelBookingTest" tests="1" failures="0" timestamp="24 Jul 2018 12:21:34 GMT" time="26.521" errors="0">
  <testcase name="shouldBeAbleToSearchForHotels" time="26.521" classname="travelSearchTests.HotelBookingTest"/>
</testsuite> <!-- travelSearchTests.HotelBookingTest -->
